<?xml version="1.0" encoding="UTF-8"?>
<testng-results skipped="0" failed="0" ignored="0" total="1" passed="1">
  <reporter-output>
  </reporter-output>
  <suite name="smoke" duration-ms="109761" started-at="2022-03-20T17:24:53Z" finished-at="2022-03-20T17:26:43Z">
    <groups>
    </groups>
    <test name="LoginTest" duration-ms="109761" started-at="2022-03-20T17:24:53Z" finished-at="2022-03-20T17:26:43Z">
      <class name="test.LoginTest">
        <test-method status="PASS" signature="validUserShouldBeAbleToLogin(java.lang.String, java.lang.String)[pri:0, instance:test.LoginTest@4a22f9e2]" name="validUserShouldBeAbleToLogin" duration-ms="109640" started-at="2022-03-20T17:24:53Z" finished-at="2022-03-20T17:26:43Z">
          <params>
            <param index="0">
              <value>
                <![CDATA[demo@techfios.com]]>
              </value>
            </param>
            <param index="1">
              <value>
                <![CDATA[abc123]]>
              </value>
            </param>
          </params>
          <reporter-output>
          </reporter-output>
        </test-method> <!-- validUserShouldBeAbleToLogin -->
      </class> <!-- test.LoginTest -->
    </test> <!-- LoginTest -->
  </suite> <!-- smoke -->
</testng-results>
